<?xml version="1.0" encoding="UTF-8"?>
<!-- Generated by org.testng.reporters.JUnitXMLReporter -->
<testsuite hostname="DESKTOP-377EF79" ignored="0" name="Test" tests="2" failures="1" timestamp="01 Mar 2018 05:31:22 GMT" time="25.053" errors="0">
  <testcase name="testValidLogin" time="11.452" classname="MavenProject.MavenTestProject.ValidLogin">
    <failure type="java.lang.AssertionError" message="null">
      <![CDATA[java.lang.AssertionError: null
at MavenProject.MavenTestProject.POMClass.EnterTimeTrackPage.verifyTitle(EnterTimeTrackPage.java:61)
at MavenProject.MavenTestProject.ValidLogin.testValidLogin(ValidLogin.java:24)
... Removed 27 stack frames]]>
    </failure>
  </testcase> <!-- testValidLogin -->
  <testcase name="testInvalidLogin" time="1.117" classname="MavenProject.MavenTestProject.InvalidLogin"/>
</testsuite> <!-- Test -->
